<?xml version="1.0" encoding="UTF-8"?>
<testsuite xmlns:xsi="http://www.w3.org/2001/XMLSchema-instance" xsi:noNamespaceSchemaLocation="https://maven.apache.org/surefire/maven-surefire-plugin/xsd/surefire-test-report.xsd" name="MainTest" time="0.07" tests="8" errors="0" skipped="0" failures="0">
  <properties>
[...]
</properties>
  <testcase name="factFP" classname="MainTest" time="0.006"/>
  <testcase name="factTP" classname="MainTest" time="0"/>
  <testcase name="getsqrtFP" classname="MainTest" time="0"/>
  <testcase name="getsqrtTP" classname="MainTest" time="0"/>
  <testcase name="getlogFP" classname="MainTest" time="0"/>
  <testcase name="getlogTP" classname="MainTest" time="0"/>
  <testcase name="getpowFP" classname="MainTest" time="0"/>
  <testcase name="getpowTP" classname="MainTest" time="0"/>
</testsuite>